# Logfile created on 2017-10-16 16:48:13 +0100 by logger.rb/56815
I, [2017-10-16T16:48:13.204199 #9403]  INFO -- : 0:  awesome_print (1.8.0) from /Users/ryanchapman/.rvm/gems/ruby-2.4.1/specifications/awesome_print-1.8.0.gemspec
I, [2017-10-16T16:48:13.204445 #9403]  INFO -- : 0:  json (2.1.0) from /Users/ryanchapman/.rvm/gems/ruby-2.4.1/specifications/json-2.1.0.gemspec
I, [2017-10-16T16:48:13.204615 #9403]  INFO -- : 0:  mini_portile2 (2.3.0) from /Users/ryanchapman/.rvm/gems/ruby-2.4.1/specifications/mini_portile2-2.3.0.gemspec
I, [2017-10-16T16:48:13.204785 #9403]  INFO -- : 0:  nokogiri (1.8.1) from /Users/ryanchapman/.rvm/gems/ruby-2.4.1/specifications/nokogiri-1.8.1.gemspec
I, [2017-10-16T16:48:13.204939 #9403]  INFO -- : 0:  ffi (1.9.18) from /Users/ryanchapman/.rvm/gems/ruby-2.4.1/specifications/ffi-1.9.18.gemspec
I, [2017-10-16T16:48:13.205097 #9403]  INFO -- : 0:  childprocess (0.8.0) from /Users/ryanchapman/.rvm/gems/ruby-2.4.1/specifications/childprocess-0.8.0.gemspec
I, [2017-10-16T16:48:13.205238 #9403]  INFO -- : 0:  rubyzip (1.2.1) from /Users/ryanchapman/.rvm/gems/ruby-2.4.1/specifications/rubyzip-1.2.1.gemspec
I, [2017-10-16T16:48:13.205393 #9403]  INFO -- : 0:  selenium-webdriver (3.6.0) from /Users/ryanchapman/.rvm/gems/ruby-2.4.1/specifications/selenium-webdriver-3.6.0.gemspec
I, [2017-10-16T16:48:13.519566 #9403]  INFO -- : 0:  tomlrb (1.2.5) from /Users/ryanchapman/.rvm/gems/ruby-2.4.1/specifications/tomlrb-1.2.5.gemspec
I, [2017-10-16T16:48:13.948209 #9403]  INFO -- : 0:  appium_lib (9.7.2) from /Users/ryanchapman/.rvm/gems/ruby-2.4.1/specifications/appium_lib-9.7.2.gemspec
I, [2017-10-16T16:48:13.948788 #9403]  INFO -- : 0:  backports (3.10.0) from /Users/ryanchapman/.rvm/gems/ruby-2.4.1/specifications/backports-3.10.0.gemspec
I, [2017-10-16T16:48:13.949148 #9403]  INFO -- : 0:  builder (3.2.3) from /Users/ryanchapman/.rvm/gems/ruby-2.4.1/specifications/builder-3.2.3.gemspec
I, [2017-10-16T16:48:13.949434 #9403]  INFO -- : 0:  coderay (1.1.2) from /Users/ryanchapman/.rvm/gems/ruby-2.4.1/specifications/coderay-1.1.2.gemspec
I, [2017-10-16T16:48:13.949738 #9403]  INFO -- : 0:  cucumber-tag_expressions (1.0.1) from /Users/ryanchapman/.rvm/gems/ruby-2.4.1/specifications/cucumber-tag_expressions-1.0.1.gemspec
I, [2017-10-16T16:48:13.950012 #9403]  INFO -- : 0:  gherkin (4.1.3) from /Users/ryanchapman/.rvm/gems/ruby-2.4.1/specifications/gherkin-4.1.3.gemspec
I, [2017-10-16T16:48:13.950260 #9403]  INFO -- : 0:  cucumber-core (3.0.0) from /Users/ryanchapman/.rvm/gems/ruby-2.4.1/specifications/cucumber-core-3.0.0.gemspec
I, [2017-10-16T16:48:13.950481 #9403]  INFO -- : 0:  cucumber-expressions (4.0.4) from /Users/ryanchapman/.rvm/gems/ruby-2.4.1/specifications/cucumber-expressions-4.0.4.gemspec
I, [2017-10-16T16:48:13.950693 #9403]  INFO -- : 0:  cucumber-wire (0.0.1) from /Users/ryanchapman/.rvm/gems/ruby-2.4.1/specifications/cucumber-wire-0.0.1.gemspec
I, [2017-10-16T16:48:13.950918 #9403]  INFO -- : 0:  diff-lcs (1.3) from /Users/ryanchapman/.rvm/gems/ruby-2.4.1/specifications/diff-lcs-1.3.gemspec
I, [2017-10-16T16:48:13.951141 #9403]  INFO -- : 0:  multi_json (1.12.2) from /Users/ryanchapman/.rvm/gems/ruby-2.4.1/specifications/multi_json-1.12.2.gemspec
I, [2017-10-16T16:48:13.951376 #9403]  INFO -- : 0:  multi_test (0.1.2) from /Users/ryanchapman/.rvm/gems/ruby-2.4.1/specifications/multi_test-0.1.2.gemspec
I, [2017-10-16T16:48:14.709222 #9403]  INFO -- : 0:  cucumber (3.0.0) from /Users/ryanchapman/.rvm/gems/ruby-2.4.1/specifications/cucumber-3.0.0.gemspec
I, [2017-10-16T16:48:14.709597 #9403]  INFO -- : 0:  method_source (0.9.0) from /Users/ryanchapman/.rvm/gems/ruby-2.4.1/specifications/method_source-0.9.0.gemspec
I, [2017-10-16T16:48:15.047852 #9403]  INFO -- : 0:  pry (0.11.1) from /Users/ryanchapman/.rvm/gems/ruby-2.4.1/specifications/pry-0.11.1.gemspec
I, [2017-10-16T16:48:15.048240 #9403]  INFO -- : 0:  require_all (1.4.0) from /Users/ryanchapman/.rvm/gems/ruby-2.4.1/specifications/require_all-1.4.0.gemspec
I, [2017-10-16T16:48:15.048769 #9403]  INFO -- : 0:  rspec-support (3.6.0) from /Users/ryanchapman/.rvm/gems/ruby-2.4.1/specifications/rspec-support-3.6.0.gemspec
I, [2017-10-16T16:48:15.049079 #9403]  INFO -- : 0:  rspec-core (3.6.0) from /Users/ryanchapman/.rvm/gems/ruby-2.4.1/specifications/rspec-core-3.6.0.gemspec
I, [2017-10-16T16:48:15.049282 #9403]  INFO -- : 0:  rspec-expectations (3.6.0) from /Users/ryanchapman/.rvm/gems/ruby-2.4.1/specifications/rspec-expectations-3.6.0.gemspec
I, [2017-10-16T16:48:15.049517 #9403]  INFO -- : 0:  rspec-mocks (3.6.0) from /Users/ryanchapman/.rvm/gems/ruby-2.4.1/specifications/rspec-mocks-3.6.0.gemspec
I, [2017-10-16T16:48:15.049746 #9403]  INFO -- : 0:  rspec (3.6.0) from /Users/ryanchapman/.rvm/gems/ruby-2.4.1/specifications/rspec-3.6.0.gemspec
I, [2017-10-16T16:48:15.049999 #9403]  INFO -- : 0:  bundler (1.5.1) from /Users/ryanchapman/.rvm/gems/ruby-2.4.1/specifications/bundler-1.5.1.gemspec
I, [2017-10-17T10:51:48.792263 #18960]  INFO -- : 0:  public_suffix (3.0.0) from /Users/ryanchapman/.rvm/gems/ruby-2.4.1/specifications/public_suffix-3.0.0.gemspec
I, [2017-10-17T10:51:48.793795 #18960]  INFO -- : 0:  addressable (2.5.2) from /Users/ryanchapman/.rvm/gems/ruby-2.4.1/specifications/addressable-2.5.2.gemspec
I, [2017-10-17T10:51:48.794185 #18960]  INFO -- : 0:  awesome_print (1.8.0) from /Users/ryanchapman/.rvm/gems/ruby-2.4.1/specifications/awesome_print-1.8.0.gemspec
I, [2017-10-17T10:51:48.794601 #18960]  INFO -- : 0:  json (2.1.0) from /Users/ryanchapman/.rvm/gems/ruby-2.4.1/specifications/json-2.1.0.gemspec
I, [2017-10-17T10:51:48.795002 #18960]  INFO -- : 0:  mini_portile2 (2.3.0) from /Users/ryanchapman/.rvm/gems/ruby-2.4.1/specifications/mini_portile2-2.3.0.gemspec
I, [2017-10-17T10:51:48.795482 #18960]  INFO -- : 0:  nokogiri (1.8.1) from /Users/ryanchapman/.rvm/gems/ruby-2.4.1/specifications/nokogiri-1.8.1.gemspec
I, [2017-10-17T10:51:48.795820 #18960]  INFO -- : 0:  ffi (1.9.18) from /Users/ryanchapman/.rvm/gems/ruby-2.4.1/specifications/ffi-1.9.18.gemspec
I, [2017-10-17T10:51:48.796052 #18960]  INFO -- : 0:  childprocess (0.8.0) from /Users/ryanchapman/.rvm/gems/ruby-2.4.1/specifications/childprocess-0.8.0.gemspec
I, [2017-10-17T10:51:48.796290 #18960]  INFO -- : 0:  rubyzip (1.2.1) from /Users/ryanchapman/.rvm/gems/ruby-2.4.1/specifications/rubyzip-1.2.1.gemspec
I, [2017-10-17T10:51:48.796548 #18960]  INFO -- : 0:  websocket (1.2.4) from /Users/ryanchapman/.rvm/gems/ruby-2.4.1/specifications/websocket-1.2.4.gemspec
I, [2017-10-17T10:51:48.796868 #18960]  INFO -- : 0:  selenium-webdriver (3.4.0) from /Users/ryanchapman/.rvm/gems/ruby-2.4.1/specifications/selenium-webdriver-3.4.0.gemspec
I, [2017-10-17T10:51:48.797152 #18960]  INFO -- : 0:  tomlrb (1.2.5) from /Users/ryanchapman/.rvm/gems/ruby-2.4.1/specifications/tomlrb-1.2.5.gemspec
I, [2017-10-17T10:51:48.797489 #18960]  INFO -- : 0:  appium_lib (9.4.9) from /Users/ryanchapman/.rvm/gems/ruby-2.4.1/specifications/appium_lib-9.4.9.gemspec
I, [2017-10-17T10:51:48.798092 #18960]  INFO -- : 0:  mini_mime (0.1.4) from /Users/ryanchapman/.rvm/gems/ruby-2.4.1/specifications/mini_mime-0.1.4.gemspec
I, [2017-10-17T10:51:48.798320 #18960]  INFO -- : 0:  rack (2.0.3) from /Users/ryanchapman/.rvm/gems/ruby-2.4.1/specifications/rack-2.0.3.gemspec
I, [2017-10-17T10:51:48.798537 #18960]  INFO -- : 0:  rack-test (0.7.0) from /Users/ryanchapman/.rvm/gems/ruby-2.4.1/specifications/rack-test-0.7.0.gemspec
I, [2017-10-17T10:51:48.798746 #18960]  INFO -- : 0:  xpath (2.1.0) from /Users/ryanchapman/.rvm/gems/ruby-2.4.1/specifications/xpath-2.1.0.gemspec
I, [2017-10-17T10:51:48.798965 #18960]  INFO -- : 0:  capybara (2.15.4) from /Users/ryanchapman/.rvm/gems/ruby-2.4.1/specifications/capybara-2.15.4.gemspec
I, [2017-10-17T10:51:49.150174 #18960]  INFO -- : 0:  appium_capybara (1.3.0) from /Users/ryanchapman/.rvm/gems/ruby-2.4.1/specifications/appium_capybara-1.3.0.gemspec
I, [2017-10-17T10:51:49.151179 #18960]  INFO -- : 0:  backports (3.10.0) from /Users/ryanchapman/.rvm/gems/ruby-2.4.1/specifications/backports-3.10.0.gemspec
I, [2017-10-17T10:51:49.152550 #18960]  INFO -- : 0:  builder (3.2.3) from /Users/ryanchapman/.rvm/gems/ruby-2.4.1/specifications/builder-3.2.3.gemspec
I, [2017-10-17T10:51:49.153480 #18960]  INFO -- : 0:  coderay (1.1.2) from /Users/ryanchapman/.rvm/gems/ruby-2.4.1/specifications/coderay-1.1.2.gemspec
I, [2017-10-17T10:51:49.154005 #18960]  INFO -- : 0:  cucumber-tag_expressions (1.0.1) from /Users/ryanchapman/.rvm/gems/ruby-2.4.1/specifications/cucumber-tag_expressions-1.0.1.gemspec
I, [2017-10-17T10:51:49.154565 #18960]  INFO -- : 0:  gherkin (4.1.3) from /Users/ryanchapman/.rvm/gems/ruby-2.4.1/specifications/gherkin-4.1.3.gemspec
I, [2017-10-17T10:51:49.155189 #18960]  INFO -- : 0:  cucumber-core (3.0.0) from /Users/ryanchapman/.rvm/gems/ruby-2.4.1/specifications/cucumber-core-3.0.0.gemspec
I, [2017-10-17T10:51:49.155639 #18960]  INFO -- : 0:  cucumber-expressions (4.0.4) from /Users/ryanchapman/.rvm/gems/ruby-2.4.1/specifications/cucumber-expressions-4.0.4.gemspec
I, [2017-10-17T10:51:49.155899 #18960]  INFO -- : 0:  cucumber-wire (0.0.1) from /Users/ryanchapman/.rvm/gems/ruby-2.4.1/specifications/cucumber-wire-0.0.1.gemspec
I, [2017-10-17T10:51:49.156212 #18960]  INFO -- : 0:  diff-lcs (1.3) from /Users/ryanchapman/.rvm/gems/ruby-2.4.1/specifications/diff-lcs-1.3.gemspec
I, [2017-10-17T10:51:49.156452 #18960]  INFO -- : 0:  multi_json (1.12.2) from /Users/ryanchapman/.rvm/gems/ruby-2.4.1/specifications/multi_json-1.12.2.gemspec
I, [2017-10-17T10:51:49.156625 #18960]  INFO -- : 0:  multi_test (0.1.2) from /Users/ryanchapman/.rvm/gems/ruby-2.4.1/specifications/multi_test-0.1.2.gemspec
I, [2017-10-17T10:51:49.156813 #18960]  INFO -- : 0:  cucumber (3.0.1) from /Users/ryanchapman/.rvm/gems/ruby-2.4.1/specifications/cucumber-3.0.1.gemspec
I, [2017-10-17T10:51:49.156981 #18960]  INFO -- : 0:  method_source (0.9.0) from /Users/ryanchapman/.rvm/gems/ruby-2.4.1/specifications/method_source-0.9.0.gemspec
I, [2017-10-17T10:51:49.157186 #18960]  INFO -- : 0:  pry (0.11.1) from /Users/ryanchapman/.rvm/gems/ruby-2.4.1/specifications/pry-0.11.1.gemspec
I, [2017-10-17T10:51:49.157409 #18960]  INFO -- : 0:  require_all (1.4.0) from /Users/ryanchapman/.rvm/gems/ruby-2.4.1/specifications/require_all-1.4.0.gemspec
I, [2017-10-17T10:51:49.157615 #18960]  INFO -- : 0:  rspec-support (3.6.0) from /Users/ryanchapman/.rvm/gems/ruby-2.4.1/specifications/rspec-support-3.6.0.gemspec
I, [2017-10-17T10:51:49.157828 #18960]  INFO -- : 0:  rspec-core (3.6.0) from /Users/ryanchapman/.rvm/gems/ruby-2.4.1/specifications/rspec-core-3.6.0.gemspec
I, [2017-10-17T10:51:49.158038 #18960]  INFO -- : 0:  rspec-expectations (3.6.0) from /Users/ryanchapman/.rvm/gems/ruby-2.4.1/specifications/rspec-expectations-3.6.0.gemspec
I, [2017-10-17T10:51:49.158250 #18960]  INFO -- : 0:  rspec-mocks (3.6.0) from /Users/ryanchapman/.rvm/gems/ruby-2.4.1/specifications/rspec-mocks-3.6.0.gemspec
I, [2017-10-17T10:51:49.158462 #18960]  INFO -- : 0:  rspec (3.6.0) from /Users/ryanchapman/.rvm/gems/ruby-2.4.1/specifications/rspec-3.6.0.gemspec
I, [2017-10-17T10:51:49.158666 #18960]  INFO -- : 0:  bundler (1.5.1) from /Users/ryanchapman/.rvm/gems/ruby-2.4.1/specifications/bundler-1.5.1.gemspec
I, [2017-10-25T10:29:20.169055 #1789]  INFO -- : 0:  awesome_print (1.8.0) from /Users/ryanchapman/.rvm/gems/ruby-2.4.1/specifications/awesome_print-1.8.0.gemspec
I, [2017-10-25T10:29:20.170873 #1789]  INFO -- : 0:  json (2.1.0) from /Users/ryanchapman/.rvm/gems/ruby-2.4.1/specifications/json-2.1.0.gemspec
I, [2017-10-25T10:29:20.171313 #1789]  INFO -- : 0:  mini_portile2 (2.3.0) from /Users/ryanchapman/.rvm/gems/ruby-2.4.1/specifications/mini_portile2-2.3.0.gemspec
I, [2017-10-25T10:29:20.171699 #1789]  INFO -- : 0:  nokogiri (1.8.1) from /Users/ryanchapman/.rvm/gems/ruby-2.4.1/specifications/nokogiri-1.8.1.gemspec
I, [2017-10-25T10:29:20.172056 #1789]  INFO -- : 0:  ffi (1.9.18) from /Users/ryanchapman/.rvm/gems/ruby-2.4.1/specifications/ffi-1.9.18.gemspec
I, [2017-10-25T10:29:20.172322 #1789]  INFO -- : 0:  childprocess (0.8.0) from /Users/ryanchapman/.rvm/gems/ruby-2.4.1/specifications/childprocess-0.8.0.gemspec
I, [2017-10-25T10:29:20.172638 #1789]  INFO -- : 0:  rubyzip (1.2.1) from /Users/ryanchapman/.rvm/gems/ruby-2.4.1/specifications/rubyzip-1.2.1.gemspec
I, [2017-10-25T10:29:20.172975 #1789]  INFO -- : 0:  selenium-webdriver (3.6.0) from /Users/ryanchapman/.rvm/gems/ruby-2.4.1/specifications/selenium-webdriver-3.6.0.gemspec
I, [2017-10-25T10:29:20.342021 #1789]  INFO -- : 0:  tomlrb (1.2.6) from /Users/ryanchapman/.rvm/gems/ruby-2.4.1/specifications/tomlrb-1.2.6.gemspec
I, [2017-10-25T10:29:20.342303 #1789]  INFO -- : 0:  appium_lib (9.7.3) from /Users/ryanchapman/.rvm/gems/ruby-2.4.1/specifications/appium_lib-9.7.3.gemspec
I, [2017-10-25T10:29:20.342541 #1789]  INFO -- : 0:  backports (3.10.3) from /Users/ryanchapman/.rvm/gems/ruby-2.4.1/specifications/backports-3.10.3.gemspec
I, [2017-10-25T10:29:20.342744 #1789]  INFO -- : 0:  builder (3.2.3) from /Users/ryanchapman/.rvm/gems/ruby-2.4.1/specifications/builder-3.2.3.gemspec
I, [2017-10-25T10:29:20.342973 #1789]  INFO -- : 0:  cucumber-tag_expressions (1.0.1) from /Users/ryanchapman/.rvm/gems/ruby-2.4.1/specifications/cucumber-tag_expressions-1.0.1.gemspec
I, [2017-10-25T10:29:20.343179 #1789]  INFO -- : 0:  gherkin (4.1.3) from /Users/ryanchapman/.rvm/gems/ruby-2.4.1/specifications/gherkin-4.1.3.gemspec
I, [2017-10-25T10:29:20.343408 #1789]  INFO -- : 0:  cucumber-core (3.0.0) from /Users/ryanchapman/.rvm/gems/ruby-2.4.1/specifications/cucumber-core-3.0.0.gemspec
I, [2017-10-25T10:29:20.343631 #1789]  INFO -- : 0:  cucumber-expressions (4.0.4) from /Users/ryanchapman/.rvm/gems/ruby-2.4.1/specifications/cucumber-expressions-4.0.4.gemspec
I, [2017-10-25T10:29:20.343865 #1789]  INFO -- : 0:  cucumber-wire (0.0.1) from /Users/ryanchapman/.rvm/gems/ruby-2.4.1/specifications/cucumber-wire-0.0.1.gemspec
I, [2017-10-25T10:29:20.344102 #1789]  INFO -- : 0:  diff-lcs (1.3) from /Users/ryanchapman/.rvm/gems/ruby-2.4.1/specifications/diff-lcs-1.3.gemspec
I, [2017-10-25T10:29:20.344314 #1789]  INFO -- : 0:  multi_json (1.12.2) from /Users/ryanchapman/.rvm/gems/ruby-2.4.1/specifications/multi_json-1.12.2.gemspec
I, [2017-10-25T10:29:20.344525 #1789]  INFO -- : 0:  multi_test (0.1.2) from /Users/ryanchapman/.rvm/gems/ruby-2.4.1/specifications/multi_test-0.1.2.gemspec
I, [2017-10-25T10:29:20.344778 #1789]  INFO -- : 0:  cucumber (3.0.0) from /Users/ryanchapman/.rvm/gems/ruby-2.4.1/specifications/cucumber-3.0.0.gemspec
I, [2017-10-25T10:29:20.344982 #1789]  INFO -- : 0:  rspec-support (3.7.0) from /Users/ryanchapman/.rvm/gems/ruby-2.4.1/specifications/rspec-support-3.7.0.gemspec
I, [2017-10-25T10:29:20.733638 #1789]  INFO -- : 0:  rspec-core (3.7.0) from /Users/ryanchapman/.rvm/gems/ruby-2.4.1/specifications/rspec-core-3.7.0.gemspec
I, [2017-10-25T10:29:20.733899 #1789]  INFO -- : 0:  rspec-expectations (3.7.0) from /Users/ryanchapman/.rvm/gems/ruby-2.4.1/specifications/rspec-expectations-3.7.0.gemspec
I, [2017-10-25T10:29:20.989596 #1789]  INFO -- : 0:  rspec-mocks (3.7.0) from /Users/ryanchapman/.rvm/gems/ruby-2.4.1/specifications/rspec-mocks-3.7.0.gemspec
I, [2017-10-25T10:29:21.143599 #1789]  INFO -- : 0:  rspec (3.7.0) from /Users/ryanchapman/.rvm/gems/ruby-2.4.1/specifications/rspec-3.7.0.gemspec
I, [2017-10-25T10:29:21.415829 #1789]  INFO -- : 0:  timeout-extensions (0.1.1) from /Users/ryanchapman/.rvm/gems/ruby-2.4.1/specifications/timeout-extensions-0.1.1.gemspec
I, [2017-10-25T10:29:21.682843 #1789]  INFO -- : 0:  timeout (0.0.1) from /Users/ryanchapman/.rvm/gems/ruby-2.4.1/specifications/timeout-0.0.1.gemspec
I, [2017-10-25T10:29:21.683067 #1789]  INFO -- : 0:  bundler (1.5.1) from /Users/ryanchapman/.rvm/gems/ruby-2.4.1/specifications/bundler-1.5.1.gemspec
